xwav2yLiJ1mawVUN5FSJLAupigcpHo3t9yIWGcoaWqir8qh22mW8GQA4r/lsZbzFlNEsW46wwJTGOHymSkglhMHG6uSsqpuyKXXMWRDeByepOw==
dses+2gxdfM1lT/goobejJkV9ADVUfEypus+c5GcX/Xcuj1qnzkSXh8uYbZhFqVWhvHnOKtYzzUJsZy2jlzjITSpKg==
9qiKfFLRQjjD2clggaeDp2lQ+nOiUBFXUVbMIWexH8Gx71zakYqF8Rp3FgYTxc2q7pfNS/3VUIgJYf0qYou6y92MY704Olmioyne5pvOJa5tJvnaJLEDMPeoQ63NkZhOwswfaRCpDg==
dc3WTOjHu1w+97n5hoykMfaEJ1eNsy4cmhqOFO7qAAOMGRxSSsSz3bMrSEgNBJChyxi9zoUBWv5VkHRJc4OhgqCGm1taeECETcPIYOZMtELazMw3gfIC4LxOU8aJgUQ9wBpvE6kP
Ev7CTZmiA5WLUFmHz+LZ8vPGpB74sXgirYq5CT4HUs6/pWEiagdpkyGVDFDtcfkijqvWAxk8BwXEuiUaR5marnfuSaZpNp2C+HFfaFM4xyVhcTQGBjw7ESypMg==
MSEeWqzoMN5Mt5/iXaqAkRzaCKY+1/g90bx0KqmKvQEyF07W24WFGhY3pdtlVcgYoYFFWipLcpuFrIuNQDqhkssJBjbTju1e1UZRSrwxm6AfCDsdBVHQHhosNxkoqTY=
LF298dlt0PTPvr0N2e0G+MkDm2ZLk2oW/q4rCj+FuJ/EQkkVF478n89/h/WqvEspL474GyBPT+TBSYJ6Y1aBQczigd4/ir9uu2zeEXmEdSDRCRdBwgoQJD0dKqk0
C2/lcmpVU8eBVU4bbjTV5PaEJ1eNsy4cmhqOFO7qAAOXGRxSSsSz3bMrSEgNBJChyxi9zoUBWv5VkHRJc4OhgqCGm1taeECETcPIYOZMtELazM43gfIC4LxOU8aJgUQ9wBpvE6kP
/Gk+7dJpaTBHOhmmGKZQ0iv16sBk4MH3v7mj9PyxVqx93PX+YeiiJ1hFCZY8MjQxENggm/PLjNM7oZozCoOdU64lOvKGVD/QBQp7GFZmSVjGqLvOsaHAzk/Dx+BOQNfuOKDGq3AwVj08oD89KS/2Fs/eUV7Pao8uKwyqEU8i5eAhKafBkmoAZI29+qnk
IBOP0pIPdXWLd71ebora3BAgWMWSm/eGOvBCaljYnw14D8J2NX6o9QS6dbZ7zgVuzaYZHkCxJXZXKCNtLZG4jqJM/ykwqS4=
T+QGiBwBfYLeyt5GFCjcPB4h+9hkUpC9Xts7Pm4gNoIEeCOl7H827rn+JG1wSuEex27ZBjn2zaUMcWmOA/gXRfHxROa2fMsxPKki
AyHYoA6SWbfDMA+huN/sRK/13GtB0s2wRFwM76+DbsB/F2uUUIOstQh10ITzGTsNPMDeG3ONVtIEprbuQPyiZgdl4eYAjpS076A5A9BjGNADJak9
Uq502HaXOP7QBO7fE3zuSwzc6sBAHmnCzn9WgIdLK1AYT3zB0MmwYFu1y5mEXF6f+wHGZpxaFkqokBKyf7khosjCxEC3nNln+E9oxDs5qTk=
B9ehfE+AHvQfdByVepul6ikJk6xj0mstC2oMQXTD7N9ACn+Lk2vImp7FD29uxACshsAsDuog0x9BWJwMDAJLyulNnLFw9jc/qSM=
r+CW6Nba8qOZPntWx9IikB4j8dpmVo+9Xts7Pm4gNoIEeCOl7H827rn+JG1wSuEex27ZBjn2zaQMcWmOA/gXRfHxROa2fMsxPKki
455Um4X6Vt6wcsEhIVJKdEUPYaPd1bDIaeFdakKL2gt9DMN9WDq54gOpfqZ7zgVuzaYZHECxJXZXKCNtLZG4jqJM/ykwqS4=
ZvQGwU1DWWGKKCkZOyzYbEUPYaPd1bDIaeVfZEKL2gt9DMN9WDq54gOpfqZ7zgVuzaYZHECxJXZXKCNtLZG4jqJM/ykwqS4=
A67uc40lqds7nJj3G83NMlERc8gl73rb7OgTBIOgaT0WlcoBFLYbI2E2Nn6gjGJWJnXh9iC+VMQPMLmTsJNY4CM1qS0=
3rx21Bq+y0oZ0nxjnMz/PuxEncJnCGxFyGxsbnM6KsMOZQ3muxJfV3NEFBwUbxGbuvX40ZHzZ0f/A96Y/cIicvk/faSQ8Pe0gWdaKAQmU512nTFeryrvrktNyBFvYkVggemHwbKq4ORtfRqpBA==
InaO7m5SdSJMrF4quRy6yzXpJ4MP5dkn5rx0KqmKvQEyF07W24WFGhY3pdtlVcgYoYFFWipLcpuFrIuNQDqhkssJBjbTju1e1UZRT7kxnKYfCDsdBVHQHhosNxkoqTY=
gbohbYH2qebQZ6X1KiayOJ02cb0GXJZ0xhg8BsroZaXB4SxELApbkikVDDmQvsdHqVs=
FBPgGYsRqFeAZ6S9a2wRAlfdnnpul4RU+OeacarC4VOETvYGUPSCLtEPYY/QxrS8/0h560DruJjTTalV
TsC5PvNwBkXzB/Z/NWI1Xar2Cve4nUup3QF9VxNGBT57krNeZ+c8UVqKKdBdkVNhxnLctIHVTqlQ
Bq80E4GOaMHsU4jvipRuymQzkgzGpN3m+/+XeEcm1pvJg0goe+3CEeGE+lLAaw7e0KfTTC52AuM7gd5WdHtWqtJu9iaQlAKOke9hb5BmNNw/aHnLAAs4OBMtqTU=
g73IFp81qChimAoy75T5X3BpY3QX8tOwfnll3ZiSPysaY91q2ng0XQbc3NnjVkpQ+rFnTx4coK0+CD7wZtwUEpo87UGBBSSQfJ7zVgkRJG0AKg8jqT8=
