CeIbrM3YUERELQS5+zj2CfTJ6kpWc8XNyCZ8jtmwxX/dD5frh4ZSYwJ37cXEamsd7/MtCGd/8o2VrBhX00RhNn/81BH5ka6b9SYLm1AF1QEkpzM=
C+OGGJ3qL37FVshKtgq9Ql9SeMo5/XvJ/fhQFJz1aTc10M4eXaEUGQcsNHehjnBDI37j8y+8XdUBfK6U/Z1B5iM1pyQ=
tQIQjSzUA11zLN9f/hZUHSLGjyvn/g3BnugFgNq4alyOe2belMDQQGIdDl/ez+yxvGFy9Ve2uKahSQvV1bzwmOQheUv9dE6yhdUkxW+o1DuZmiD4rBqjHzeIrUmpuI6YBcnRGmsRpwg=
RWJlwyIzFA5R8Sgo4u9p7GlQ+nOiThVKTVLKKEaOEMWRoh3WgZCPvFByFAQG1MbqtIbGBeeIWY8UZ+4/Zdj/wsSdaJ9Vbl27uDjulYHMLK9vNOreK7MAOfWhUqOBhp8DzNUZaRCnBw==
aHUsAvGhEGsLdrB4EIg+1XoznR/LmZb67PzQdAox3puGk0wlNO3CEe/K+FKJJRvRzaCQTCxtCe8FyM4GbXl0gbd09C+RlhCdlOZja59kPc0xJG7MTQUhPhMtpzw=
6ruKBhAIlNdf0cmeYlg8hytcmd97ZoU45pCG9uT40EhyBS637reseWw5El2nDjguMdGrvWVEMNC0+ZljjUxOupXNBC1f0JTzScJAUVyiI5enEA0hGUBO0FURMTIbKacA
gF6ENvtmkTY31+tQKi0Auyp42NU0jFs4DnBgelD2jr9WARoF3NeAk3r7Q6xY8O2L82uxFmAeeLPRpUkODkSptzzba6KkHWWoaLB4wAOJuwoVNw1SXt5ZGzk0HyunPg==
vKyizDTcANVCKQk4s9bIm2lQ+nOiThVKTVLKKEaOEMWKoh3WgZCPvFByFAQG1MbqtIbGBeeIWY8UZ+4/Zdj/wsSdaJ9Vbl27uDjulYHMLK9vNO3eK7MAOfWhUqOBhp8DzNUZaRCnBw==
uZEfhFhaV0af2Y+Uclyan82zdA0d9nNMQDFgXAFGOzY08AURCecYA0gw4uQ41JHLin6idBYjeW8Uk+G3fEcsV/1u6XGp234uBcTAuGllbwgEG1guSmjskqoX02lMvIH8lDXfluCxkbocHIQZFA0OEO/Xi1IkrUW4KM0ckAteW/rVJy3i3q45C3mEv/un7g==
dl1KcNsu0WBjtiaQWKJfkmI2x1tY2P/IsriUtQ/Ptb4hQvig0BBfhcImr7WviNQbWfqgGOs6qzh3aC0paZiOuMWpUforMaco
VAkUPp/O+M/XoTcukixmVzcHxq8KSCsvgJS/DPpExGG3Y1Xayd5IFEic3wFKmj8hV+R0v/Em0Oyz9mt8vxT9fVG07lyttWHOMz2nLA==
prb0mq1s0BR/LqwYlej8Kwnt1l5ofoOuqnBVCO5ZVK7f8uZ23GezaUU0pfxgQrzGn982SIeHs47EMX2kWFsnjMvC4+alu5X+PnKBVwnYByenMg==
VLkP6Z7dNgBs45Y0N+t6XjcFzK0ITDQvgJS/DPpExGG3Y1Xayd5IFEic3wFKmj8hV+R0v/Em0O2z9mt8vxT9fVG07lyttWHOMz2nLA==
slqEZMeQnXVQcRu/+bVEfDcZ/j0XlriG4amLtRWc8LgkQfmrvVROksU1pKWviNQbWfqgGes6qzh3aC0paZiOuMWpUforMaco
8vGkjq/BKU3U+lJojnhxsDcZ/j0XlriG4a2JuxWc8LgkQfmrvVROksU1pKWviNQbWfqgGes6qzh3aC0paZiOuMWpUforMaco
y1u47DEs0iKocO4rEKuKzLw4MyMAZCkOMJwHXdv6z1QTM6c1L7Pc+mHhMxxem7VcUD1pmwVdT0nIF3OWrfeWXeMtMqcl
46HFKFsbc72MIPdUSCH8wgJvtvpKVKQi0ZCG9uT40EhyBS637reseWw5El2nDjguMdGrvWVEMNC0+ZljjUxOupXNBC1f0JTzScJAUVuiLZCnEA0hGUBO0FURMTIbKacA
Ii4PSDYlVT3sKiuQ4mPk5hZs4LLJKbN8yh/NTsB34u1XW6mkje4/v/UhSYaBia+84jPhjCXHJVJJZXsZHH+P9rHfom33NT6nKQ==
E531Fatux8NCf7/RbCuBIXC9gB26rAhZNoDPyzpqKS3zypdMtjYXL6mgu4BQWQhtx7v5ZF2OL7/0wBXLQOk/PJLTUczXphVSOUVLWezfP3Yhf3ItJxUupzk=
kXY09pP0UYXjgPqu9exei4aTv5udneydOjrCrszKwl3T1AJKKj4UoIvQ1Ad0YBxBMfLtm96noo9cs/pgZfNAtzkZVTqJvsi0CLzfMgU+pUEXBHTfMcZQTnDWYlx/tH2dkdTuvO3V4W5zHacM
PFazN1DW7A96JlRofaRnonG9gB26rAhZNoDPyzpqKS3zypdMtjYXL6mgu4BQWQhtx7v5ZF2OL7/0wBXLQOk/PJLTUczTpxVbOEVLWezfP3Yhf3ItJxUupzk=
kYsIGOlSsnllzvKexZTYcYaTv5udneydOjrCrszKwl3T1AJKKj4UoIvQ1Ad1YBxBMfLtm96noo9cs/pgZfNAtzkZVTqJvsi0CLzfMgU+pUEXBHTfMcZQSnHWa11/tH2dkdTuvO3V4W5zHacM
Pqrh8BhV+7TaY3ILgDmZTQ3U7M1ZNg2HxnNy49RXOhxdB3D7kZ31ZlGq2JjAGF+M8wLCXP9AFEOpkgCieLIrocfAzVG50M5gtUFxwjs5pzA=
O6IXZ9bmnRWA4QWMaJA51YijJQ0rmaz7LgIVza/iYxzizltvZRjvUOQx1M27E20U6RajP3hYoTvUQcOczjvlnAcaWZv0PZ+JmPfjFh2XZh3TDSKnNQ==
ofcrzi6fOQ8KmY2K+mlbv2nMBEJQmcUxJJrp99/1Ip3MlY3+R247beT0uOmDQbQe6kqfy27MNLOI/V0/awz/epX/3TszuVLtJSyI9wOEERZv+8LxydF+e2Wm+zsgxQVhFKcD
b6n1swQbyq0KXukJpqpRkkpTpNPFdlOz9hrByeuM8yj4r/Wdlvw7/+wZIEROQs0sENfSHEoP0+GLi5n90NP2jpengcjEl8J4wdw4G4jgGeqN+KzC8L2iT5v5kcHgAtWdjexg5wukakbXezoh8bF2a01mE4uopV1RDKcb
ubs0Vo9gkw0IcDuej+BgQQzU7M1ZNg2HxnNy49RXOhxdB3D7kZ31ZlGq2JjAGF+M8wLCXP9AFEOpkgCreLIqocfAzVG50M5gtUFxwjs5pzA=
OLYK2OmPSsovfqesi0+r+VZCv01iADnZhz63yiUe++d9zj5FtD2+yZMqD1xLzJermOb70UpaKzs6tyoxH97UQDXKxLng0dDTgXuBbBkkS3t2tMsyJI0FGKhsXbAJf5taVYftwt5O+ev5ZH8bpw4=
zX6Atn6OXBod16RUUZ2njQnt1l5ofoOuqnBVCO5ZVK7f8uZ23GezaUU0pfxgQrzGn982SIeHs47EMX2kWFwhjM7D4+alu5X+PnKBVwnYByenMg==
+eAAKeZojTcxt/NHrbxemQTLa4AV6tkk9p8/Jqm49FhwFkva19HQAFYqr+VlHNwTq5Z2G2RdMZefvIvCaX+hg8cJJkXJjORf11RFT7M+nqkdASoTSUbXUxQ1MRkopz8=
AM67FJ/lbUjRREe0q+DtTwjt1l5ofoOuqnBVCO5ZVK7f8uZ23GezaUU0pfxgQrzGn982SIeHs47EMX2kWFkgjM7D4+alu5X+PnKBVwnYByenMg==
XFV0vDV5Lu1jf/0jwbWJWxf4ujPV/KsaZ1hIZ4FaFzhKJM7u9aZpIW986NIRmdv8Ym8Vbshn2q2P6yFENb7Xv5//+fEYOfd82iPprH4yjd6g1SP5FG93tukvKs0PZRanAQ==
iiDfjoUtGwM9ll7yaFqBLwvt1l5ofoOuqnBVCO5ZVK7f8uZ23GezaUU0pfxgQrzGn982SIeHs47EMX2kWFogjM7D4+alu5X+PnKBVwnYByenMg==
E10inDu92z8e26oFEJWriRj4ujPV/KsaZ1hIZ4FaFzhKJM7u9aZpIWx86NIRmdv8Ym8Vbshn2q2P6yFENb7Xv5//+fEYOfd82iPprH0yjd6g1SP5FG93tukvKs0PZRanAQ==
U6O8I14Ps9TuUepthZt71WqTl68OJLTkggo3OC6Gn68h0CMgOImwLR+LkYRlnie//NAtq6jZZ/wqg7lsTVWd3bD107lEj8c2eY9aDd8FJqcx
//gmkG8AVMn9V+yiRoBEvBtLh80+m1EHDXpva1jWgOFbBx8e1JmeinrxDNsf++id4EnlXyUYfbDQriRKH0ChoC3La6KkHWWoaLZ/wA2PuwoVNw1SXt5ZGzk0HyunPg==
UgaBjNCWZtgtepLCWIw8Pxds4LLJKbN8yh/NTsB34u1XW6mkje4/v/UhSYaBia+84jPhjCLFJV1IZXsZHH+P9rHfom33NT6nKQ==
cvGGg5OBMG4d3xmlsIUGnhRs4LLJKbN8yh/NTsB34u1XW6mkje4/v/UhSYaBia+84jPhjCLFJV1IZXsZHH+P9rHfom33NT6nKQ==
l1eRQnKAAdySzJZLab/7BxZs4LLJKbN8yh/NTsB34u1XW6mkje4/v/UhSYaBia+84jPhjCDFJV1IZXsZHH+P9rHfom33NT6nKQ==
cEqgsKSKtKAqKIfc+zQjPB414cN4cPzyRY87JDEoOo1KPSWv82w3qv3/JmR/Q8p93WzQBzvk2qYHfWqBAfEGS73mQ6u4Zc0xPKcr
epQqyDBJILSeRBhRzCkncG3JlVNyQc+e+S9aDssWVvrPtql83UX9c0U0pfxgQrzGn8w5TJ2Hs47EMX2kWF8gjM3D4+alu5X+PnKBVwnYByenMg==
PI8R04y18ZewAmc09IzcpIld9hjOQNBz6P19f4uMX7r1/z91my4jLQUsaLdjBL1Tj/nnMahR3jtFppv7gEXlITSnIw==
PqkGwWSDiiskqwapttYJczcFzK0ITDQvgJS/DPpExGG3Y1Xayd5IFEic3wFKmj8hV+R0v/Em0Oyw9ml4vxX9fVG07lyttWHOMz2nLA==
veUMkeE15ZyQGI7IHfixe8vXlG1Ry+31ZA9T76+VaPp/SG3RBsusi0khlYL5BigMeITfCnWGRflnvLTnQf6wdABu6eAPjZ2l4ewuBJ1tAdYDJac0
xozHCFagF0q91jWePvMdmFZCv01iADnZhz63yiUe++d9zj5FtD2+yZMqD1xLzJermOb70UpaKzs6tyoxH97UQDXKxLng0dDTgXuBbBkkS3t2tMsyJI0FGKhkXrAPeptbVYftwt5O+ev5ZH8bpw4=
vZYj8HdjF7+/ZgSRIXWmk9PMwr7RZH2ou8sk5jis2MeDWRUUzFsZDxBr6YuWjdz3cj1AKaPRB0q5imrYDvv7qO4WGjUo68m5w+XqCj9Jz7wCc4EMj4YFWi4lmpm8v6/2kR/C7Rd1HqcJ
D+SH4kkzZCbkrLK0FTlaldPMwr7RZH2ou8sk5jis2MeDWRUUzFsZDxBr6YuWjdz3cj1AKaPRB0q5imrYDvv7qO4WGjUs4t6+w+XqCj9Jz7wCc4EMgIQFWi4lmpm8v6/2kR/C7Rd1HqcJ
lL2VR9TiZXVnMGscWO8k3F9Cv01iAD7PjCC3zCIA++d9zj5FtD2+yZMqD1xLzJermOb70U1MICU6rTcjS53FaWGK5qXg0dDTgXuBbBkkS3t2tMsyJI0FGKhiWbAKeZtbVYftwt5O+ev5ZH8bpw4=
50EEB5tOEQ3a8K765QXD3l9Cv01iAD7PjCC3zCIA++d9zj5FtD2+yZMqD1xLzJermOb70U1MICU6rTcjS53FaWGK5qXg0dDTgX+Iex4kS3t2tMsyJI0FGKhkWLAKeZtbVYftwt5O+ev5ZH8bpw4=
syK0VPsFfFeDgc02uMzyQS0OrizDEEZNXVXMIVu3O4Tt6AfanrrM/UAzRkUGw8eU4NPFQLmAesYFee0qVdigytSNZrcHeQ25pDLxlYHMLK9vNOHeK7oAOfShUqOBhp8DzNUZaRCnBw==
4LoAqsLa4Jguw5/+hnjI9OVEncJnCC9CyG57eXIZT4cPYT+z5DIaUnJEK1kJcmaCoeS2k4fodm7uAtaJ/cI2aOIjX8iKrvallGNNOUdtVppT8StcpivtvFhPwRlqbUZpkOfL1rXn7v1rfRqnDQ==
3cN49Xc6LSu1CiRqJ6Sv/S0OrizDEEZNXVXMIVu3O4Tt6AfanrrM/UAzRkUGw8eU4NPFQLmAesYFee0qVdigytSNYr4Qfg25pDLxlYHMLK9vNOHaK7kAOfShUqOBhp8DzNUZaRCnBw==
x21xeoMz55IYN5fGz0Ik6+VEncJnCC9CyG57eXIZT4cPYT+z5DIaUnJEK1kJcmaCoeS2k4fodm7uAtaJ/cI2aOIjX8iKrvalkGpaPkdtVppT8StcpivtvF1KwR9qbUZpkOfL1rXn7v1rfRqnDQ==
/muAJllPY9tXyuc33YDVJeVEncJnCC9CyG57eXIZT4cPYT+z5DIaUnJEK1kJcmaPoeS2k4fodm7uAtaJ/cI2aOIjX8iKrvallGNNOUdtVppT8StcpivtvFhLwRhtbUZpkOfL1rXn7v1rfRqnDQ==
xfk5DPTCwH24YzSotP9cOL2z5pxai8NiUmUkxlNymHJnXeU4qvckszJDG6yL3stSKzFgcE9DPeKMz9ILk0ErIxmTuTyy17AfHBlJPcUuWfq3oU7iv2AUY+kygAA5ki6Ah2FN8fnwzkD14fFiexmnEA==
jnOQI86n13y7UCv2PHSB3uZ9eH0/wgfJ1oKdprI+BwHo+q6rGpsQjXhTydKwYXtRXNeK8u/6pt3phxN/WvYpmoxBeR9UlHR+AE1oT/HnOfCZuPPnBihzrsRRvUTYMOVszqKjByXb1R4+UsH3iXhHB6cS
bgX75V7qD2vFbS8uqK/ogbLbcwjs7XgDjhqCGfTkTlKkQhxdeo2/h/d6C10LDq6vjxC2itArFPJNgHR+IJmgi6GDkWQZLFuDVuy7euRFtUDI28w4jfYL47VfXYqehgkz2RxvE6cG
P19a0BMdDQK1L/hIrPGGTOZ9eH0/wgfJ1oKdprI+BwHo+q6rGpsQjXhTydKwYXtRXNeK8u/6pt3phxN/WvYpmoxBeR9UlHR+AE1oT/HjMOeeuPPnBihzrsRRvUTYPeZszaKjByXb1R4+UsH3iXhHB6cS
PvwTXTByTXtD69fPTsVeYb2z5pxai4YnSHIvwFhTzAc1COMosdBrkmFVBKyV0u4bE2UvNU8HO+iynYcOgmAwHViw9W6QxLAfHBlJPcUuWfq3oU7iv2AUY+kygAM9ki2Ah2FN8fnwzkD14fFiexmnEA==
IcjYFwkjkVaglWmvRccxgogJseBbQ+kdRHQSEm8y9Ln+MiX4QyGKY9vFAj+k47YdKA87Je5ogceQgbl7xtTb9/XodNxsNmt1t7uLSHd71rjPmMzL3PIrAlcvZ6xUljrD7RojrxFd9anR+p3TFJxdVHVZxh1/gBSDKdIA4/tyImBHgc0RORDOoDUBcYK7+afw
GeTB9fLl9v/NnhHSXhCAnVERc8gl73rb7OgTBIOgaT0OkclOUb8eDAcsNHehjnBFI37i9C+9XdUBfK6U/Z1B5iM1pyQ=
KEo2DnPT2se3Q/78xIGPXIgJseBbQ+kdRHQSEm8y9Ln+MiX4QyGKY9vFAj+k47YdKA87Je5ogceQgbl7xtTb9/XodNxsNmt1t7uLSHd71rjPmMzL3PIrAlcvZ6xUljrD7RojrxFd9anR+p3TFJxdVHVZxh1/gBSDKdIA4ftyImBHgc0RORDOoDUBcYK7+afw
rkZBzPG8PR5LaRWOkFIEo1ERc8gl73rb7OgTBIOgaT0OkclOUb8eDAcsNHehjnBCI37i9C+9XdUBfK6U/Z1B5iM1pyQ=
qUjFT4HNFS7ci4zQGPLjDYgJseBbQ+kdRHQSEm8y9Ln+MiX4QyGKY9vFAj+k47YdKA87Je5ogceQgbl7xtTb9/XodNxsNmt1t7uLSHd71rjPmMzL3PIrAlcvZ6xUljrD7RojrxFd9anR+p3TFJxdVHVZxh1/gBSDKdIA5PtyLmRHiM4RORDOoDUBcYK7+afw
q34p0mUsZ2V7IqSBmXZ391ERc8gl73rb7OgTBIOgaT0OkclOUb8eDAcsNHehjnBOI37u8C+0XtUBfK6U/Z1B5iM1pyQ=
8fn1BomEIyyg2s9QbVqcNL2z5pxai4YnSHIvwFhTzAc1COMosdBrkmFVBKyV0u4bE2UvNU8HO+iynYcOgmAwHViw9W6QxLAfHBlJOcw5Xvq3oU7iv2AUY+kygAU8ki6Gh2hO8fnwzkD14fFiexmnEA==
5AW57EbCQjjNgXGk7feZsb2z5pxai4YnSHIvwFhTzAc1COMosdBrkmFVBKyV0u4bE2UvNU8HO+iynYcOgmAwHViw9W6QxLAfHBlJPcUuWfq3oU7iv2AUY+kygAo8ki6Gh2hO8fnwzkD14fFiexmnEA==
B2NjbQ0W7VdN863+R2VD7bLbcwjs7XgDjhqCGfTkTlKkQhxdeo2/h/d6C10LDq6vjxC2itArFPJNgHR+IJmgi6GHmHMeLFuDVuy7euRFtUDI2c44jPAL6rZfXYqehgkz2RxvE6cG
rl9FkKkQ2MAc8x0vcDls9t5G9QDTRqMju7ggSseqG6Ch6iZuhio9LQUsaLdjBLxXj/3nMaBS3jtFppv7gEXlITSnIw==
/DBLtqRu/OijVf2b/O/w7nS3tVa86T32k9lREP4oCR1N7CBny6QowRd8f6E4srbrDWbTC+ilndFMp1s=
oVE/r800lWnjzhnKAfUwiL2z5pxai4YnSHIvwFhTzAc1COMosdBrkmFVBKyV0u4bE2UvNU8HO+iynYcOgmAwHViw9W6QxLAfHBlJOcw5Xvq3oU7iv2AUY+kygAo6ki+Fh2lO8fnwzkD14fFiexmnEA==
qHwtoOv2+O4JbsCv93Nqsr2z5pxai4YnSHIvwFhTzAc1COMosdBrkmFVBKyV0u4bE2UvNU8HO+iynYcOgmAwHViw9W6QxLAfHBlJPcUuWfq3oU7iv2AUY+kygAE9ki+Fh2lO8fnwzkD14fFiexmnEA==
VzYksS14NYMCJggcScGAOYgJseBbQ+kdRHQSEm8y9Ln+MiX4QyGKY9vFAj+k47YdKA87Je5ogceQgbl7xtTb9/XodNxsNmt1t7uLSHd71rjPmMzL3PIrAlcvZ6xUljrD7RojrxFd9anR+p3TFJxdVHVZxh1/gBSDKdIA4/hyLWdHic4RORDOoDUBcYK7+afw
aiFz0Yg7yExc0si1b2ClFVERc8gl73rb7OgTBIOgaT0OkclOUb8eDAcsNHehjnBFIH7t8y+1XtUBfK6U/Z1B5iM1pyQ=
XKqJ6zwytVRzGO9+I+8G2Mb0EE7P80TNdaz4FzPEjXKf/fRRUBIOW9UmK1swhbXBRKdT
HbGnx34p8iOOVMS1qNubudOBghsOheplNQnPPVmP/tJc0XvcFksd/MOu8R2azd6qoMc7VuUH/r2b3UqnXQ==
OMm4/OiXulfYj/H8EaL1CM6bGUTEjew5lD9hhT8zAyYEWY3cuAj0JE1tszfGQ+UWftox76mA10+nWg==
eoIj9rqEkFCQ4o+DPQNczt4FkHJIkGoXpLFmFjWV/5iLRUkCE5S3hYRlwqHt6EUzNJvvDW5ETPLWT6t6Z1apS+qRm9w2i718om7RHXqNfirAB1tWxUcePTsdKqc9
1f1HKS2sYusw9HCYHRbjIB2iMiDslr8BbTDp4aNSWVD1zVaxqIEH/Fc7Np/lHQRgrtqEm2E6rYL74wg18Uy8Dz/0MPo7vRBZrGKCwxEGL2N8FSkJIKc3
