IqSUIBpvdhsLASSzO/8nBvTJ6kpWc8XNyCZ8jtmwxX/dD5frh4ZSYwJ37cXEamsd7/MtCGd/8o2VrBhX00RnN3/z0hHxkq6b9SYLm1AE1QEkszI=
fR9bGVV5bZmWq0CaKCphIF9SeMo5/XvJ/fhQFJz1aTc10M4eXaEUGQcsNHehjnBFJH7j9S+0XtUBfK6U/Z1A5iM1syU=
HsXt96ibi9HoLWRXY7vRbyLGjyvn/g3BnugFgNq4alyOe2belMDQQGIdDl/ez+yxvGFy9Ve2uKahSQvV1bzwmOQheUv9dE6yhdUkxW+o1DuZmiD4qRqiGTeArkmpuI6YBcnQGmsRswk=
e5aueni42cgoRHver5/b1GlQ+nOiThVKTVLKKEaOEMWRoh3WgZCPvFByFAQG1MbqtIbGBeeIWY8UZ+4/Zdj/wsSdaJ9Vbl27uDjulYHMLK9vNOvbK7IGOf2iUqOBhp8DzNQZaRCzBg==
ypEDPYF9JtoqZVOYrJKAVHoznR/LmZb67PzQdAox3puGk0wlNO3CEe/K+FKJJRvRzaCQTCxtCe8FyM4GbXl0gbd09C+RlhCckeZibZ9sPs0xJG7MTQUgPhMtsz0=
YPpMs3mJvUm8Axofbx/fNytcmd97ZoU45pCG9uT40EhyBS637reseWw5El2nDjguMdGrvWVEMNC0+ZljjUxOupXNBC1f0JTzScJAUFmiIpGnGA4hGUBO0FURMDIbKbMB
96PTXi58rkjIGrDvPRemgSp42NU0jFs4DnBgelD2jr9WARoF3NeAk3r7Q6xY8O2L82uxFmAeeLPRpUkODkSptzzba6KkHWWoaLd9wAKPuwIWNw1SXt5ZGzg0HyuzPw==
e/FmLNANv6tTHxvyZ+3s12lQ+nOiThVKTVLKKEaOEMWKoh3WgZCPvFByFAQG1MbqtIbGBeeIWY8UZ+4/Zdj/wsSdaJ9Vbl27uDjulYHMLK9vNOrbK7IGOf2iUqOBhp8DzNQZaRCzBg==
3AIz6tyA5iJVggCXOkmTcmI2x1tY2P/IsriUtQ/Ptb4hQvig0BBfhcImr7WviNQbWfqgG+o6ozx3YS4paZiOuMWpUPorMbMp
H1dv8/eqQHbk+m8nRK+HB1MnhJgqCV1jioTwQeAR6lD5eVXayd5IFEic3xJFniUhV+R0v/Em0O+y9mN4vx3+fVG07lyttWDOMz2zLQ==
BI5W60Sg3bSuyZzfXZmPamI2x1tY2P/IsriUtQ/Ptb4hQvig0BBfhcImr7WviNQbWfqgHuo6ozx3YS4paZiOuMWpUPorMbMp
UPvd3VKkZe0be9tus7YVFFzwr6x6HjP0p3ewZTY/f2z9WOY17t1BN0/8uyJ5f6Ls89N25TkMdL9nFJVowzOrycTCWrPZxmezRHTBOTizLg==
b/7EUDlWVNRTClSU9T5yv2jhoud/c3PLx3lYrocUHCBBBXbvkZ31ZlGq2JjAGF+O/QrVTf9AFEOpkgCmerIjpMfJzlG50M5gtUFwwjs5szE=
Kntg9TpJmUOv9OuViMNk3jcfyq8TXjQvgJS/DPpExGG3Y1Xayd5IFEic3wFKmj8hV+R0v/Em0Om19mN4vx3+fVG07lyttWDOMz2zLQ==
qp0uCDd7tuYc9/E5ltzeIMvTjS0ZjampBQ9T76+VaPp/SHfXBNC+i0khlYL5BigMeITfCnWGRflnvLTnQf6wcQVu4+APhZ6l4ewuBJ1tANYDJbM1
2oR+jEtlAImImQHj5Ql1TjcFzK0ITDQvgJS/DPpExGG3Y1Xayd5IFEic3wFKmj8hV+R0v/Em0Oaw9mJ4vx3+fVG07lyttWDOMz2zLQ==
oZmcZLdk0HycUelN/oolycvXlG1Ry+31ZA9T76+VaPp/SG3RBsusi0khlYL5BigMeITfCnWGRflnvLTnQf6wfgBu4uAPhZ6l4ewuBJ1tANYDJbM1
aj7nV37s91QdkfXfVoGlBuLzo8be2KqMGzDejtfN4kXFxy09Okco5YDLmRZrNQtNKeXM086Mk9xOhr88aOJdiW5wEGOErdmxTarZZg81vk4XBHTfMcZQS3PWa1l/vX6dkdTuvO3V4G5zHbMN
/U/V6xMDedhoLzj3ifRUub2z5pxai8BtFnQv2kR/hEMCGeQ8mKJ7iXFEAb60m9ZPXCF7YQEBLO+W+MMQhkJ/YDuF4HyexLAfHBlJPcUuWfq3oU7iv2AUY+kygAM6kiuFh2lO8fnwzkD14fBiexmzEQ==
hNZF8/lD1rnXhgfzm66Oyb2z5pxai8I2Q2440V5uqUM0DNF97vAul2BVO+mIz5kIUyF7YQEBLO+W+MMQhkJ/YBC27WWG1LAfHBlJPcUuWfq3oU7iv2AUY+kygAo9kiuFh2lO8fnwzkD14fBiexmzEQ==
Ti8jHPzSkn0vwnLfWZPXuOLzo8be2KqMGzDejtfN4kXFxy09Okco5YDLmRZrNQtNKeXM086Mk9xOhr88aOJdiW5wEGOErdm1RL3eZg81vk4XBHTfMcZQT3TWa1l/vX6dkdTuvO3V4G5zHbMN
6+wUPwBi6WkO0kp/HmzK5eLzo8be2KvXTirJhc3cz0Xz0hh8TCRIrYzL0FAXJRBcZ6fd3tS7gsdbhet/YccJ0FpzEGOErdmxTarZZg81vk4XBHTfMcZQSnTWa1l/vX6dkdTuvO3V4G5zHbMN
BRJpbfI8mJtoCx/1IHND0QJvtvpKVKQi0ZCG9uT40EhyBS637reseWw5El2nDjguMdGrvWVEMNC0+ZljjUxOupXNBC1f0JTzScJAUFqiKpWnGQ4hGUBO0FURMDIbKbMB
wHWHYVVj+45pYFll9cbV2F3wr/VlBVDki1PpJRosf2z9WOY17t1BN0/8uyJ5f6Ls89N25TkMdL9nFJhpwz6qycTCWrPZxmezRHTBOTizLg==
FmlALX4af5GcS4vXMny4otxD8Q/SQKNtuvtqf4q6G6Ch8ipunzwiLQUsaLdjBLJWj/LmMaBS3jtFppv7gETlITSzIg==
5RDCtXguaCg4zNjjMiZ7VQDSkbxnAxWg6GbiIBIGOTj3Vqd4pttWN07K/zgtcqb2+8xm5TkMdL9nFJZuwzKqycTCWrPZxmezRHTBOTizLg==
L9QKZy4+qD3AX2TUQpAe4n00mtQ+kUwvSGtGfUr05vtSARoXy9zaiXa1QL9Y9+KR7mntDSMPfbHm6j4eEle0rCjba6KkHWWoaLN4wAKLuwMWNw1SXt5ZGzg0HyuzPw==
SCbrd2bt5AoeLnuY5jb0dXMe0b5aCk5phs34RaZPxmPxK1PNyd9+UFLI0gVQkiAxV+R0v/Em0Oa09mJ5vx3+fVG07lyttWDOMz2zLQ==
wB6QfHJ7f1AsB8303gS7U340mtQ+kUwvSGtGfUr05vtSARoXy9zaiXa1QL9Y9+KR7mntDSMPfbHm6j4eEle0rCjba6KkHWWoaLZ8wAmIuwMWNw1SXt5ZGzg0HyuzPw==
IOKFu84q8UIDZ9rnTl0Bds2zdA0Fx0xkRjtKFRJYLgh9jhQTWq0XD0p54KF2w9TVg3OaOjFpfGsR3aK2e0lpEuxq+ET7+zsxA87z+VYmcwI0XWhgW2z7hY9K8DRavbGg+1nF76XnnbBVFdBeHQoJA/7Li1IkrUW4KMIckAJZW/DWJy3i3q45C3iEv/uz7w==
5lW/PfjjiuclewCzamnHYVERc8gl73rb7OgTBIOgaT0OkclOUb8eDAcsNHehjnBBIH7i8y+2XtUBfK6U/Z1A5iM1syU=
/wcHj2+IhETlegdvycphKdOBghsOheplNQnPPVmP/tJc0XvcFksd/Myu8RKazd2qoMc7VuUH/ryb3UqzXA==
ZOBWma5TFWixOVz0O888xc6bGUTEjew5lD9hhT8zAyYEWY3cuAf0JEJtszTGQ+UWftox76iA10+zWw==
IjvLyDixfR8am9daVJtZN82zdA0Fx0xkRjtKFRJYLgh9jhQTWq0XD0p54KF2w9TVg3OaOjFpfGsR3aK2e0lpEuxq+ET7+zsxA87z+VYmcwI0XWhgW2z7hY9K8DRavbGg+1nF76XnnbBVFdBeHQoJA/7Li1IkrUW4KMYdkAxbW/XUJy3i3q45C3mEv/un7g==
eLOvlrP/r2Y9vGzs4zZkKFERc8gl73rb7OgTBIOgaT0OkclOUb8eDAcsNHehjnBCIX7s8S+zXNUBfK6U/Z1B5iM1pyQ=
Nj1g2nxgTxx1JiPtDloDYs2zdA0Fx0xkRjtKFRJYLgh9jhQTWq0XD0p54KF2w9TVg3OaOjFpfGsR3aK2e0lpEuxq+ET7+zsxA87z+VYmcwI0XWhgW2z7hY9K8DRavbGg+1nF76XnnbBVFdBeHQoJA/7Li1IkrUW4KMQckAxbW/XUJy3i3q45C3mEv/un7g==
iKZSnMDWrdqXGKwopMvSxVERc8gl73rb7OgTBIOgaT0OkclOUb8eDAcsNHehjnBEIH7s8S+zXNUBfK6U/Z1B5iM1pyQ=
LxDyXFFhrhdTybeWPteLiOAn7voWsUQBBUZ8yAiEkdpK5No+KMPD5KJNlrrOGsLGH9LySvFUG1MgCRXS7Spr+NgAe/eDz9djCKJdB+WcrVLkFs/Hnp0gjV7BegOqgFrAd2+mwlgjrkMZ7z8lhwItV2ykDr4uP+wMrilSFEP4oTNMPK3NybxyGChD8zH6baWrljVrwFhgfdhVoEuSSsUoqDRAC40LOxqPUqDiJThQnhbV4rrhKrZm+BdeoSI+hmmF6qunsPtBDJs3FYppAPQomweRNfNc4u0WrbHwpVY6nWOg9KQJrGKAIymfypcdigWpsTaL0iQtRTgoRhwQDNtbddSnLWLeLjmLeQS/e6du
JbnoYxdtlPsUggrN837tVW/jMvXbUFfVVI9EdwbfQWgiytv6Q5jt82WeIRRtUKL5865AgMHuIxAJ24eM6VnFkdS8dLN5HeOpp6wlVQSbzs0UJI+r3KXF3/1A41FEFuyKKqIcPEj6qXg/Y2qo0WACVJRVommeZ/u/2OgxsF3G7qZL8hS0/3Pxoyx42UP+kf0or8SuRap69BdEcoA1gxBRlz9pvU2ZWizKl2AFRV7z2qAY3i103pjpzFmRN0TCAqds/wujhwlOzytaHg4Jw2PAlmybuPwywC3atCPkK/BUE8cx0ew2boaTPxw0cSqaFMP6dOVSHKx98xemtSO1sUx8j//0+3p7vFLZ6mDCQ9EG7+O8FWmJYKd3
8NGEfFugx3xn++8TPA2gkjrE5u7ra6QyJ4zR7I9HRMO8YUyndUqLDNUO48G/b3PJkW+PuQsn+XGwH3vqkgzWOd5ARGIWXl0BWeL8eXibSjjFTcxMDj4QOxXezODXQ/wfUISQKnbn0+MgBH5SolFhJlQ/H2bHSznVB65c48RZJaWmk4NlggBf1nYcHC4q85ylHH/cyp+Y5zyiG69xcMv4OD2bA+luhyKd0AyF3nfwMLGFF2BH5EPPaRrF07VLKrT5p5EECrLoNhSHsq7WZzMeToxV+7aygUnbs9zYtjCuLq2sSb7vx14JdKAuoqLaaNL2fNjZJiedMisLS28LTJ3vgAAI8Hqq5i20xmU7hnCBR3xRMW9UqsLPnIfrK1dRzpf70j42uesjaIa0+7CMysDVqrxDPDtYFDt3CfFk5jYGy++U1Ana8tSr6ixFWqwUfUunrhX7pVkMlP8HlHMqozyKiWJA+vP5xkfz5PVheRinDw==
PAx1xlRT23Olupv4Tl/ZxzypOdz2eZ0FMaBsK5CJbc01EaXMRG2WDdqVYq5C98NOyWCvhfe3J+ZsJzz52kwM5VGdw4I7X7yxR1DK3/LF26zkB//mO0vAs2nDMYt1bSh1+9gpXBUqgWLOtikkmL97nLkRMldh70FzUiBjfiiDobhvsGLkIRl6gFUpWUC8+H9k8nJXRD2EW7O/WQ/DMjwBTKoq9W9UH4Q/5MAnfoBviC39iyA+cuogY8/X+JrHabkTw/7B6u0JQkYRqdkRRZrWGTdMdjBUwYJiwAnpaFxTWfad/qiDlBm+KbOZZd2VlhbGol3KCRBD6EVY2QQq7OalbU1mX1QJRW3IvlVEsyAbTsJCW+GwFAnh8LKUzbx+i9qwmorfMLW4HtClp1KVA3qr5xAJX9v+k4ACRFlfDzFZbCRRJCWfJP+2rJEBWIpAAzwEXHEBEf4tXbypqynozzhUqznKYKiICqwNF9fsGQkoDgilmZFKSwGnGA==
7oXVEgk/Z6pTysbI8jvd/sb0EE7P80TNdaz4FzPEgnKf/PZRVhAOW9UmK1swhbXBRKdT
1yQXL6W9nj0yMK2FGzP8PtOBghsOheplNQnPPVmP/tJc0XvcFksd/Myu8RyYzdiooMc7VuUH/r2b3UqnXQ==
vL6FgLoxKsyjQhFRz/DFls6bGUTEjew5lD9hhT8zAyYEWY3cuAf0JExvszHEQ+UWftox76mA10+nWg==
XeIzstVrMQj0PvMHWqlfD94FkHJIkGoXpLFmFjWV/5iLRUkCE5S3hYRlwqHt6EUzNJvvDW5ETPLWT6t6Z1apS+qRm9w2i718rG7RHHiNeCjAB1tWxUcePTsdKqc9
rWbG2tawYAUuvhX7yqxPMR2iMiDslr8BbTDp4aNSWVD1zVaxqIEH/Fc7Np/lHQRgrtqEm2E6rYL74wg18Uy8Dz/0Pvo7vBJZqmCCwxEGL2N8FSkJIKc3
