svFjJ8d1n7rDX12h/Iu/k/TJ6kpWc8XNyCZ8jtmwxX/dD5frh4ZSYwJ37cXEamsd7/MtCGd/8o2VrBhX00RgMX//1hH5ka6b9SYLm1AF1QEkpzM=
bfDRLTpeKSM6UTz4k1gmU19SeMo5/XvJ/fhQFJz1aTc10M4eXaEUGQcsNHehjnBBJX7v8S+8XdUBfK6U/Z1B5iM1pyQ=
hzPC+tZx1gaRrs9J9TjL2SLGjyvn/g3BnugFgNq4alyOe2belMDQQGIdDl/ez+yxvGFy9Ve2uKahSQvV1bzwmOQheUv9dE6yhdUkxW+o1DuZmiD6qBquHTeIrUmpuI6YBcnRGmsRpwg=
zYulC9aZJj/oKkMXDbATT2lQ+nOiThVKTVLKKEaOEMWRoh3WgZCPvFByFAQG1MbqtIbGBeeIWY8UZ+4/Zdj/wsSdaJ9Vbl27uDjulYHMLK9vNOjaK74COfWhUqOBhp8DzNUZaRCnBw==
Nv2uyuvm0TEdUyyh5AOCzXoznR/LmZb67PzQdAox3puGk0wlNO3CEe/K+FKJJRvRzaCQTCxtCe8FyM4GbXl0gbd09C+RlhCfkOZuaZ9kPc0xJG7MTQUhPhMtpzw=
7P6SeG3b4b6orll2iC/k9Stcmd97ZoU45pCG9uT40EhyBS637reseWw5El2nDjguMdGrvWVEMNC0+ZljjUxOupXNBC1f0JTzScJAU1iiLpWnEA0hGUBO0FURMTIbKacA
vjVd3mZy8wGgtTKoaaeoLSp42NU0jFs4DnBgelD2jr9WARoF3NeAk3r7Q6xY8O2L82uxFmAeeLPRpUkODkSptzzba6KkHWWoaLd8wA6LuwoVNw1SXt5ZGzk0HyunPg==
9HUdNY93qNpyngUdWQTlBWlQ+nOiThVKTVLKKEaOEMWKoh3WgZCPvFByFAQG1MbqtIbGBeeIWY8UZ+4/Zdj/wsSdaJ9Vbl27uDjulYHMLK9vNOraK74COfWhUqOBhp8DzNUZaRCnBw==
NmtSqZMIhYPrrBIzTvS2mYgJseBbQ+kdRHQSEm8y9Ln+MiX4QyGKY9vFAj+k47YdKA87Je5ogceQgbl7xtTb9/XodNxsNmt1t7uLSHd71rjPmMzL3PIrAlcvZ6xUljrD7RojrxFd9anR+p3TFJxdVHVZxh1/gBSDKdIA4P1yKmZHgM0RORDOoDUBcYK7+afw
CVSR7tbnyP3wDVpyGSMWI1ERc8gl73rb7OgTBIOgaT0OkclOUb8eDAcsNHehjnBCJX7q8i+8XdUBfK6U/Z1B5iM1pyQ=
i+Ati5DDmhAvSfa84x5c79OBghsOheplNQnPPVmP/tJc0XvcFksd/M+r8RqbzdepoMc7VuUH/r2b3UqnXQ==
LByaARTqHHLESMBIVg94Kc6bGUTEjew5lD9hhT8zAyYEWY3cuATxJEpssz7FQ+UWftox76mA10+nWg==
6Oxgvx+J57KARfPSLgW2wWI2x1tY2P/IsriUtQ/Ptb4hQvig0BBfhcImr7WviNQbWfqgGOo6oz53aC0paZiOuMWpUforMaco
KtcLEoWIF4h6PVd97N+/o1MnhJgqCV1jioTwQeAR6lD5eVXayd5IFEic3xJFniUhV+R0v/Em0O2y9mN6vxT9fVG07lyttWHOMz2nLA==
yo+31Vx1GbnJ3EZVUf5JXjcHxq8KSCsvgJS/DPpExGG3Y1Xayd5IFEic3wFKmj8hV+R0v/Em0Ouy9mN6vxT9fVG07lyttWHOMz2nLA==
mfCAqMduP2r4C0F7NlkMzMvXlG9bye/xew9T76+VaPp/SG/bBMmolEkhlYL5BigMeITfCnWGRflnvLTnQf6wcwJu4+IPjJ2l4ewuBJ1tAdYDJac0
EfHo7m4/z3eR1nM4IUjKEwnt1l5ofoOuqnBVCO5ZVK7f8uZ23GezaUU0pfxgQrzGn982SIeHs47EMX2kWFwhjMPE4+alu5X+PnKBVwnYByenMg==
wJrcSK5kvOrijuCAxl35lQTLa4AV6tkk9p8/Jqm49FhwFkva19HQAFYqr+VlHNwTq5Z2G2RdMZefvIvCaX+hg8cJJkXJjORf11RFT7MzmakdASoTSUbXUxQ1MRkopz8=
zAImeF3L/VZhSS8cCJZvYDcFzK0ITDQvgJS/DPpExGG3Y1Xayd5IFEic3wFKmj8hV+R0v/Em0Omw9mt7vxT9fVG07lyttWHOMz2nLA==
bXPtw4HzydVIaJwSJkjPKsvXlG1Ry+31ZA9T76+VaPp/SG3RBsusi0khlYL5BigMeITfCnWGRflnvLTnQf6wcQBu6+MPjJ2l4ewuBJ1tAdYDJac0
PiCI9UCVPzPicj0xPoEyFIgJseBbQ+kdRHQSEm8y9Ln+MiX4QyGKY9vFAj+k47YdKA87Je5ogceQgbl7xtTb9/XodNxsNmt1t7uLSHd71rjPmMzL3PIrAlcvZ6xUljrD7RojrxFd9anR+p3TFJxdVHVZxh1/gBSDKdIA6vxyKmdHgM0RORDOoDUBcYK7+afw
HPPKjUITjaz+sqO2eJj931ERc8gl73rb7OgTBIOgaT0OkclOUb8eDAcsNHehjnBPJH7q8y+8XdUBfK6U/Z1B5iM1pyQ=
A9IJAToQZYFGCwIaCGbWxMb0EE7P80TNdaz4FzPEgHOf+fRRWREOW9UmK1swhbXBRKdT
yS1eUCYjKnL5EApCyDYwXtOBghsOheplNQnPPVmP/tJc0XvcFksd/M6v8RmazdepoMc7VuUH/r2b3UqnXQ==
G4h0CttHOg8mnWUGYYp/686bGUTEjew5lD9hhT8zAyYEWY3cuAX1JEltsz7FQ+UWftox76mA10+nWg==
0zkRL2ueVCa/sqJ0KKrSpN4FkHJIkGoXpLFmFjWV/5iLRUkCE5S3hYRlwqHt6EUzNJvvDW5ETPLWT6t6Z1apS+qRm9w2i718rW/RGXqNdynAB1tWxUcePTsdKqc9
qgPPZkzPnbxF6U26VAuVbx2iMiDslr8BbTDp4aNSWVD1zVaxqIEH/Fc7Np/lHQRgrtqEm2E6rYL74wg18Uy8Dz/0P/s7uRBZpWGCwxEGL2N8FSkJIKc3
